[1.091s] Invoking command in '/home/aperture/pilgrim/src/pilgrim_lidar_noise': PYTHONPATH=/home/aperture/pilgrim/build/pilgrim_lidar_noise/prefix_override:/usr/lib/python3/dist-packages/colcon_core/task/python/colcon_distutils_commands:/home/aperture/pilgrim/install/pilgrim_lidar_noise/lib/python3.8/site-packages:${PYTHONPATH} /usr/bin/python3 -W ignore:setup.py install is deprecated -W ignore:easy_install command is deprecated setup.py egg_info --egg-base ../../build/pilgrim_lidar_noise build --build-base /home/aperture/pilgrim/build/pilgrim_lidar_noise/build install --record /home/aperture/pilgrim/build/pilgrim_lidar_noise/install.log --install-scripts $base/lib/pilgrim_lidar_noise --single-version-externally-managed install_data
[1.347s] running egg_info
[1.348s] writing ../../build/pilgrim_lidar_noise/pilgrim_lidar_noise.egg-info/PKG-INFO
[1.349s] writing dependency_links to ../../build/pilgrim_lidar_noise/pilgrim_lidar_noise.egg-info/dependency_links.txt
[1.349s] writing entry points to ../../build/pilgrim_lidar_noise/pilgrim_lidar_noise.egg-info/entry_points.txt
[1.349s] writing requirements to ../../build/pilgrim_lidar_noise/pilgrim_lidar_noise.egg-info/requires.txt
[1.367s] writing top-level names to ../../build/pilgrim_lidar_noise/pilgrim_lidar_noise.egg-info/top_level.txt
[1.411s] reading manifest file '../../build/pilgrim_lidar_noise/pilgrim_lidar_noise.egg-info/SOURCES.txt'
[1.413s] writing manifest file '../../build/pilgrim_lidar_noise/pilgrim_lidar_noise.egg-info/SOURCES.txt'
[1.413s] running build
[1.413s] running build_py
[1.414s] running install
[1.415s] running install_lib
[1.417s] running install_data
[1.417s] copying worlds/demo.world -> /home/aperture/pilgrim/install/pilgrim_lidar_noise/share/pilgrim_lidar_noise/worlds
[1.419s] running install_egg_info
[1.421s] removing '/home/aperture/pilgrim/install/pilgrim_lidar_noise/lib/python3.8/site-packages/pilgrim_lidar_noise-0.0.0-py3.8.egg-info' (and everything under it)
[1.423s] Copying ../../build/pilgrim_lidar_noise/pilgrim_lidar_noise.egg-info to /home/aperture/pilgrim/install/pilgrim_lidar_noise/lib/python3.8/site-packages/pilgrim_lidar_noise-0.0.0-py3.8.egg-info
[1.425s] running install_scripts
[1.446s] Installing storm_lidar_node script to /home/aperture/pilgrim/install/pilgrim_lidar_noise/lib/pilgrim_lidar_noise
[1.447s] writing list of installed files to '/home/aperture/pilgrim/build/pilgrim_lidar_noise/install.log'
[1.474s] Invoked command in '/home/aperture/pilgrim/src/pilgrim_lidar_noise' returned '0': PYTHONPATH=/home/aperture/pilgrim/build/pilgrim_lidar_noise/prefix_override:/usr/lib/python3/dist-packages/colcon_core/task/python/colcon_distutils_commands:/home/aperture/pilgrim/install/pilgrim_lidar_noise/lib/python3.8/site-packages:${PYTHONPATH} /usr/bin/python3 -W ignore:setup.py install is deprecated -W ignore:easy_install command is deprecated setup.py egg_info --egg-base ../../build/pilgrim_lidar_noise build --build-base /home/aperture/pilgrim/build/pilgrim_lidar_noise/build install --record /home/aperture/pilgrim/build/pilgrim_lidar_noise/install.log --install-scripts $base/lib/pilgrim_lidar_noise --single-version-externally-managed install_data
