running develop
running egg_info
writing pilgrim_lidar_noise.egg-info/PKG-INFO
writing dependency_links to pilgrim_lidar_noise.egg-info/dependency_links.txt
writing entry points to pilgrim_lidar_noise.egg-info/entry_points.txt
writing requirements to pilgrim_lidar_noise.egg-info/requires.txt
writing top-level names to pilgrim_lidar_noise.egg-info/top_level.txt
reading manifest file 'pilgrim_lidar_noise.egg-info/SOURCES.txt'
writing manifest file 'pilgrim_lidar_noise.egg-info/SOURCES.txt'
running build_ext
Creating /home/aperture/pilgrim/install/pilgrim_lidar_noise/lib/python3.8/site-packages/pilgrim-lidar-noise.egg-link (link to .)
Installing storm_lidar_node script to /home/aperture/pilgrim/install/pilgrim_lidar_noise/lib/pilgrim_lidar_noise

Installed /home/aperture/pilgrim/build/pilgrim_lidar_noise
running symlink_data
symbolically linking /home/aperture/pilgrim/build/pilgrim_lidar_noise/resource/pilgrim_lidar_noise -> /home/aperture/pilgrim/install/pilgrim_lidar_noise/share/ament_index/resource_index/packages
symbolically linking /home/aperture/pilgrim/build/pilgrim_lidar_noise/package.xml -> /home/aperture/pilgrim/install/pilgrim_lidar_noise/share/pilgrim_lidar_noise
symbolically linking /home/aperture/pilgrim/build/pilgrim_lidar_noise/launch/demo.launch.py -> /home/aperture/pilgrim/install/pilgrim_lidar_noise/share/pilgrim_lidar_noise/launch
symbolically linking /home/aperture/pilgrim/build/pilgrim_lidar_noise/worlds/demo.world -> /home/aperture/pilgrim/install/pilgrim_lidar_noise/share/pilgrim_lidar_noise/worlds
symbolically linking /home/aperture/pilgrim/build/pilgrim_lidar_noise/models/turtlebot3_burger/model.sdf -> /home/aperture/pilgrim/install/pilgrim_lidar_noise/share/pilgrim_lidar_noise/models/turtlebot3_burger
symbolically linking /home/aperture/pilgrim/build/pilgrim_lidar_noise/models/turtlebot3_burger/model-1_4.sdf -> /home/aperture/pilgrim/install/pilgrim_lidar_noise/share/pilgrim_lidar_noise/models/turtlebot3_burger
symbolically linking /home/aperture/pilgrim/build/pilgrim_lidar_noise/models/turtlebot3_burger/model.config -> /home/aperture/pilgrim/install/pilgrim_lidar_noise/share/pilgrim_lidar_noise/models/turtlebot3_burger
creating /home/aperture/pilgrim/install/pilgrim_lidar_noise/share/pilgrim_lidar_noise/models/turtlebot3_burger/meshes
