[1.128s] Invoking command in '/home/aperture/pilgrim/build/pilgrim_lidar_noise': PYTHONPATH=/home/aperture/pilgrim/build/pilgrim_lidar_noise/prefix_override:/usr/lib/python3/dist-packages/colcon_core/task/python/colcon_distutils_commands:/home/aperture/pilgrim/install/pilgrim_lidar_noise/lib/python3.8/site-packages:${PYTHONPATH} /usr/bin/python3 -W ignore:setup.py install is deprecated -W ignore:easy_install command is deprecated setup.py develop --editable --build-directory /home/aperture/pilgrim/build/pilgrim_lidar_noise/build --no-deps symlink_data --force
[1.461s] running develop
[1.616s] running egg_info
[1.617s] writing pilgrim_lidar_noise.egg-info/PKG-INFO
[1.617s] writing dependency_links to pilgrim_lidar_noise.egg-info/dependency_links.txt
[1.617s] writing entry points to pilgrim_lidar_noise.egg-info/entry_points.txt
[1.617s] writing requirements to pilgrim_lidar_noise.egg-info/requires.txt
[1.636s] writing top-level names to pilgrim_lidar_noise.egg-info/top_level.txt
[1.679s] reading manifest file 'pilgrim_lidar_noise.egg-info/SOURCES.txt'
[1.681s] writing manifest file 'pilgrim_lidar_noise.egg-info/SOURCES.txt'
[1.727s] running build_ext
[1.728s] Creating /home/aperture/pilgrim/install/pilgrim_lidar_noise/lib/python3.8/site-packages/pilgrim-lidar-noise.egg-link (link to .)
[1.729s] Installing storm_lidar_node script to /home/aperture/pilgrim/install/pilgrim_lidar_noise/lib/pilgrim_lidar_noise
[1.730s] 
[1.730s] Installed /home/aperture/pilgrim/build/pilgrim_lidar_noise
[1.730s] running symlink_data
[1.730s] symbolically linking /home/aperture/pilgrim/build/pilgrim_lidar_noise/resource/pilgrim_lidar_noise -> /home/aperture/pilgrim/install/pilgrim_lidar_noise/share/ament_index/resource_index/packages
[1.732s] symbolically linking /home/aperture/pilgrim/build/pilgrim_lidar_noise/package.xml -> /home/aperture/pilgrim/install/pilgrim_lidar_noise/share/pilgrim_lidar_noise
[1.734s] symbolically linking /home/aperture/pilgrim/build/pilgrim_lidar_noise/launch/demo.launch.py -> /home/aperture/pilgrim/install/pilgrim_lidar_noise/share/pilgrim_lidar_noise/launch
[1.735s] symbolically linking /home/aperture/pilgrim/build/pilgrim_lidar_noise/worlds/demo.world -> /home/aperture/pilgrim/install/pilgrim_lidar_noise/share/pilgrim_lidar_noise/worlds
[1.737s] symbolically linking /home/aperture/pilgrim/build/pilgrim_lidar_noise/models/turtlebot3_burger/model.sdf -> /home/aperture/pilgrim/install/pilgrim_lidar_noise/share/pilgrim_lidar_noise/models/turtlebot3_burger
[1.738s] symbolically linking /home/aperture/pilgrim/build/pilgrim_lidar_noise/models/turtlebot3_burger/model-1_4.sdf -> /home/aperture/pilgrim/install/pilgrim_lidar_noise/share/pilgrim_lidar_noise/models/turtlebot3_burger
[1.739s] symbolically linking /home/aperture/pilgrim/build/pilgrim_lidar_noise/models/turtlebot3_burger/model.config -> /home/aperture/pilgrim/install/pilgrim_lidar_noise/share/pilgrim_lidar_noise/models/turtlebot3_burger
[1.740s] creating /home/aperture/pilgrim/install/pilgrim_lidar_noise/share/pilgrim_lidar_noise/models/turtlebot3_burger/meshes
[1.741s] error: [Errno 2] No such file or directory: '/home/aperture/pilgrim/install/pilgrim_lidar_noise/share/pilgrim_lidar_noise/models/turtlebot3_burger/meshes/burger_base.dae'
[1.777s] Invoked command in '/home/aperture/pilgrim/build/pilgrim_lidar_noise' returned '1': PYTHONPATH=/home/aperture/pilgrim/build/pilgrim_lidar_noise/prefix_override:/usr/lib/python3/dist-packages/colcon_core/task/python/colcon_distutils_commands:/home/aperture/pilgrim/install/pilgrim_lidar_noise/lib/python3.8/site-packages:${PYTHONPATH} /usr/bin/python3 -W ignore:setup.py install is deprecated -W ignore:easy_install command is deprecated setup.py develop --editable --build-directory /home/aperture/pilgrim/build/pilgrim_lidar_noise/build --no-deps symlink_data --force
