[0.334s] DEBUG:colcon:Command line arguments: ['/usr/bin/colcon', 'build']
[0.334s] DEBUG:colcon:Parsed command line arguments: Namespace(allow_overriding=[], ament_cmake_args=None, base_paths=['.'], build_base='build', catkin_cmake_args=None, catkin_skip_building_tests=False, cmake_args=None, cmake_clean_cache=False, cmake_clean_first=False, cmake_force_configure=False, cmake_target=None, cmake_target_skip_unavailable=False, continue_on_error=False, event_handlers=None, executor='parallel', ignore_user_meta=False, install_base='install', log_base=None, log_level=None, main=<bound method BuildVerb.main of <colcon_core.verb.build.BuildVerb object at 0x774c01ebd6a0>>, merge_install=False, metas=['./colcon.meta'], packages_above=None, packages_above_and_dependencies=None, packages_above_depth=None, packages_end=None, packages_ignore=None, packages_ignore_regex=None, packages_select=None, packages_select_build_failed=False, packages_select_by_dep=None, packages_select_regex=None, packages_select_test_failures=False, packages_skip=None, packages_skip_build_finished=False, packages_skip_by_dep=None, packages_skip_regex=None, packages_skip_test_passed=False, packages_skip_up_to=None, packages_start=None, packages_up_to=None, packages_up_to_regex=None, parallel_workers=16, paths=None, symlink_install=False, test_result_base=None, verb_extension=<colcon_core.verb.build.BuildVerb object at 0x774c01ebd6a0>, verb_name='build', verb_parser=<colcon_defaults.argument_parser.defaults.DefaultArgumentsDecorator object at 0x774c01e7ed90>)
[0.538s] Level 1:colcon.colcon_core.package_discovery:discover_packages(colcon_meta) check parameters
[0.538s] Level 1:colcon.colcon_core.package_discovery:discover_packages(recursive) check parameters
[0.538s] Level 1:colcon.colcon_core.package_discovery:discover_packages(ignore) check parameters
[0.538s] Level 1:colcon.colcon_core.package_discovery:discover_packages(path) check parameters
[0.538s] Level 1:colcon.colcon_core.package_discovery:discover_packages(colcon_meta) discover
[0.538s] Level 1:colcon.colcon_core.package_discovery:discover_packages(recursive) discover
[0.538s] INFO:colcon.colcon_core.package_discovery:Crawling recursively for packages in '/home/aperture/pilgrim'
[0.538s] Level 1:colcon.colcon_core.package_identification:_identify(.) by extensions ['ignore', 'ignore_ament_install']
[0.538s] Level 1:colcon.colcon_core.package_identification:_identify(.) by extension 'ignore'
[0.538s] Level 1:colcon.colcon_core.package_identification:_identify(.) by extension 'ignore_ament_install'
[0.538s] Level 1:colcon.colcon_core.package_identification:_identify(.) by extensions ['colcon_pkg']
[0.538s] Level 1:colcon.colcon_core.package_identification:_identify(.) by extension 'colcon_pkg'
[0.538s] Level 1:colcon.colcon_core.package_identification:_identify(.) by extensions ['colcon_meta']
[0.539s] Level 1:colcon.colcon_core.package_identification:_identify(.) by extension 'colcon_meta'
[0.539s] Level 1:colcon.colcon_core.package_identification:_identify(.) by extensions ['ros']
[0.539s] Level 1:colcon.colcon_core.package_identification:_identify(.) by extension 'ros'
[0.556s] Level 1:colcon.colcon_core.package_identification:_identify(.) by extensions ['cmake', 'python']
[0.556s] Level 1:colcon.colcon_core.package_identification:_identify(.) by extension 'cmake'
[0.557s] Level 1:colcon.colcon_core.package_identification:_identify(.) by extension 'python'
[0.557s] Level 1:colcon.colcon_core.package_identification:_identify(.) by extensions ['python_setup_py']
[0.557s] Level 1:colcon.colcon_core.package_identification:_identify(.) by extension 'python_setup_py'
[0.557s] Level 1:colcon.colcon_core.package_identification:_identify(build) by extensions ['ignore', 'ignore_ament_install']
[0.557s] Level 1:colcon.colcon_core.package_identification:_identify(build) by extension 'ignore'
[0.557s] Level 1:colcon.colcon_core.package_identification:_identify(build) ignored
[0.557s] Level 1:colcon.colcon_core.package_identification:_identify(install) by extensions ['ignore', 'ignore_ament_install']
[0.557s] Level 1:colcon.colcon_core.package_identification:_identify(install) by extension 'ignore'
[0.557s] Level 1:colcon.colcon_core.package_identification:_identify(install) ignored
[0.557s] Level 1:colcon.colcon_core.package_identification:_identify(log) by extensions ['ignore', 'ignore_ament_install']
[0.558s] Level 1:colcon.colcon_core.package_identification:_identify(log) by extension 'ignore'
[0.558s] Level 1:colcon.colcon_core.package_identification:_identify(log) ignored
[0.558s] Level 1:colcon.colcon_core.package_identification:_identify(src) by extensions ['ignore', 'ignore_ament_install']
[0.558s] Level 1:colcon.colcon_core.package_identification:_identify(src) by extension 'ignore'
[0.558s] Level 1:colcon.colcon_core.package_identification:_identify(src) by extension 'ignore_ament_install'
[0.558s] Level 1:colcon.colcon_core.package_identification:_identify(src) by extensions ['colcon_pkg']
[0.558s] Level 1:colcon.colcon_core.package_identification:_identify(src) by extension 'colcon_pkg'
[0.558s] Level 1:colcon.colcon_core.package_identification:_identify(src) by extensions ['colcon_meta']
[0.558s] Level 1:colcon.colcon_core.package_identification:_identify(src) by extension 'colcon_meta'
[0.558s] Level 1:colcon.colcon_core.package_identification:_identify(src) by extensions ['ros']
[0.558s] Level 1:colcon.colcon_core.package_identification:_identify(src) by extension 'ros'
[0.558s] Level 1:colcon.colcon_core.package_identification:_identify(src) by extensions ['cmake', 'python']
[0.558s] Level 1:colcon.colcon_core.package_identification:_identify(src) by extension 'cmake'
[0.558s] Level 1:colcon.colcon_core.package_identification:_identify(src) by extension 'python'
[0.558s] Level 1:colcon.colcon_core.package_identification:_identify(src) by extensions ['python_setup_py']
[0.558s] Level 1:colcon.colcon_core.package_identification:_identify(src) by extension 'python_setup_py'
[0.558s] Level 1:colcon.colcon_core.package_identification:_identify(src/pilgrim_lidar_noise) by extensions ['ignore', 'ignore_ament_install']
[0.559s] Level 1:colcon.colcon_core.package_identification:_identify(src/pilgrim_lidar_noise) by extension 'ignore'
[0.559s] Level 1:colcon.colcon_core.package_identification:_identify(src/pilgrim_lidar_noise) by extension 'ignore_ament_install'
[0.559s] Level 1:colcon.colcon_core.package_identification:_identify(src/pilgrim_lidar_noise) by extensions ['colcon_pkg']
[0.559s] Level 1:colcon.colcon_core.package_identification:_identify(src/pilgrim_lidar_noise) by extension 'colcon_pkg'
[0.559s] Level 1:colcon.colcon_core.package_identification:_identify(src/pilgrim_lidar_noise) by extensions ['colcon_meta']
[0.559s] Level 1:colcon.colcon_core.package_identification:_identify(src/pilgrim_lidar_noise) by extension 'colcon_meta'
[0.559s] Level 1:colcon.colcon_core.package_identification:_identify(src/pilgrim_lidar_noise) by extensions ['ros']
[0.559s] Level 1:colcon.colcon_core.package_identification:_identify(src/pilgrim_lidar_noise) by extension 'ros'
[0.562s] DEBUG:colcon.colcon_core.package_identification:Package 'src/pilgrim_lidar_noise' with type 'ros.ament_python' and name 'pilgrim_lidar_noise'
[0.562s] Level 1:colcon.colcon_core.package_discovery:discover_packages(recursive) using defaults
[0.563s] Level 1:colcon.colcon_core.package_discovery:discover_packages(ignore) discover
[0.563s] Level 1:colcon.colcon_core.package_discovery:discover_packages(ignore) using defaults
[0.563s] Level 1:colcon.colcon_core.package_discovery:discover_packages(path) discover
[0.563s] Level 1:colcon.colcon_core.package_discovery:discover_packages(path) using defaults
[0.585s] Level 1:colcon.colcon_core.package_discovery:discover_packages(prefix_path) check parameters
[0.585s] Level 1:colcon.colcon_core.package_discovery:discover_packages(prefix_path) discover
[0.588s] DEBUG:colcon.colcon_installed_package_information.package_discovery:Found 1 installed packages in /home/aperture/pilgrim/install
[0.590s] DEBUG:colcon.colcon_installed_package_information.package_discovery:Found 387 installed packages in /opt/ros/foxy
[0.593s] Level 1:colcon.colcon_core.package_discovery:discover_packages(prefix_path) using defaults
[0.709s] Level 5:colcon.colcon_core.verb:set package 'pilgrim_lidar_noise' build argument 'cmake_args' from command line to 'None'
[0.710s] Level 5:colcon.colcon_core.verb:set package 'pilgrim_lidar_noise' build argument 'cmake_target' from command line to 'None'
[0.710s] Level 5:colcon.colcon_core.verb:set package 'pilgrim_lidar_noise' build argument 'cmake_target_skip_unavailable' from command line to 'False'
[0.710s] Level 5:colcon.colcon_core.verb:set package 'pilgrim_lidar_noise' build argument 'cmake_clean_cache' from command line to 'False'
[0.710s] Level 5:colcon.colcon_core.verb:set package 'pilgrim_lidar_noise' build argument 'cmake_clean_first' from command line to 'False'
[0.710s] Level 5:colcon.colcon_core.verb:set package 'pilgrim_lidar_noise' build argument 'cmake_force_configure' from command line to 'False'
[0.710s] Level 5:colcon.colcon_core.verb:set package 'pilgrim_lidar_noise' build argument 'ament_cmake_args' from command line to 'None'
[0.710s] Level 5:colcon.colcon_core.verb:set package 'pilgrim_lidar_noise' build argument 'catkin_cmake_args' from command line to 'None'
[0.710s] Level 5:colcon.colcon_core.verb:set package 'pilgrim_lidar_noise' build argument 'catkin_skip_building_tests' from command line to 'False'
[0.710s] DEBUG:colcon.colcon_core.verb:Building package 'pilgrim_lidar_noise' with the following arguments: {'ament_cmake_args': None, 'build_base': '/home/aperture/pilgrim/build/pilgrim_lidar_noise', 'catkin_cmake_args': None, 'catkin_skip_building_tests': False, 'cmake_args': None, 'cmake_clean_cache': False, 'cmake_clean_first': False, 'cmake_force_configure': False, 'cmake_target': None, 'cmake_target_skip_unavailable': False, 'install_base': '/home/aperture/pilgrim/install/pilgrim_lidar_noise', 'merge_install': False, 'path': '/home/aperture/pilgrim/src/pilgrim_lidar_noise', 'symlink_install': False, 'test_result_base': None}
[0.710s] INFO:colcon.colcon_core.executor:Executing jobs using 'parallel' executor
[0.712s] DEBUG:colcon.colcon_parallel_executor.executor.parallel:run_until_complete
[0.712s] INFO:colcon.colcon_ros.task.ament_python.build:Building ROS package in '/home/aperture/pilgrim/src/pilgrim_lidar_noise' with build type 'ament_python'
[0.712s] Level 1:colcon.colcon_core.shell:create_environment_hook('pilgrim_lidar_noise', 'ament_prefix_path')
[0.715s] INFO:colcon.colcon_core.plugin_system:Skipping extension 'colcon_core.shell.bat': Not used on non-Windows systems
[0.715s] INFO:colcon.colcon_core.shell:Creating environment hook '/home/aperture/pilgrim/install/pilgrim_lidar_noise/share/pilgrim_lidar_noise/hook/ament_prefix_path.ps1'
[0.716s] INFO:colcon.colcon_core.shell:Creating environment descriptor '/home/aperture/pilgrim/install/pilgrim_lidar_noise/share/pilgrim_lidar_noise/hook/ament_prefix_path.dsv'
[0.717s] INFO:colcon.colcon_core.shell:Creating environment hook '/home/aperture/pilgrim/install/pilgrim_lidar_noise/share/pilgrim_lidar_noise/hook/ament_prefix_path.sh'
[0.717s] INFO:colcon.colcon_core.shell:Skip shell extension 'powershell' for command environment: Not usable outside of PowerShell
[0.718s] DEBUG:colcon.colcon_core.shell:Skip shell extension 'dsv' for command environment
[1.048s] INFO:colcon.colcon_core.task.python.build:Building Python package in '/home/aperture/pilgrim/src/pilgrim_lidar_noise'
[1.049s] INFO:colcon.colcon_core.shell:Skip shell extension 'powershell' for command environment: Not usable outside of PowerShell
[1.049s] DEBUG:colcon.colcon_core.shell:Skip shell extension 'dsv' for command environment
[1.642s] DEBUG:colcon.colcon_core.event_handler.log_command:Invoking command in '/home/aperture/pilgrim/build/pilgrim_lidar_noise': PYTHONPATH=/home/aperture/pilgrim/build/pilgrim_lidar_noise/prefix_override:/usr/lib/python3/dist-packages/colcon_core/task/python/colcon_distutils_commands:/home/aperture/pilgrim/install/pilgrim_lidar_noise/lib/python3.8/site-packages:${PYTHONPATH} /usr/bin/python3 -W ignore:setup.py install is deprecated -W ignore:easy_install command is deprecated setup.py develop --uninstall --editable --build-directory /home/aperture/pilgrim/build/pilgrim_lidar_noise/build
[2.141s] DEBUG:colcon.colcon_core.event_handler.log_command:Invoked command in '/home/aperture/pilgrim/build/pilgrim_lidar_noise' returned '0': PYTHONPATH=/home/aperture/pilgrim/build/pilgrim_lidar_noise/prefix_override:/usr/lib/python3/dist-packages/colcon_core/task/python/colcon_distutils_commands:/home/aperture/pilgrim/install/pilgrim_lidar_noise/lib/python3.8/site-packages:${PYTHONPATH} /usr/bin/python3 -W ignore:setup.py install is deprecated -W ignore:easy_install command is deprecated setup.py develop --uninstall --editable --build-directory /home/aperture/pilgrim/build/pilgrim_lidar_noise/build
[2.147s] DEBUG:colcon.colcon_core.event_handler.log_command:Invoking command in '/home/aperture/pilgrim/src/pilgrim_lidar_noise': PYTHONPATH=/home/aperture/pilgrim/build/pilgrim_lidar_noise/prefix_override:/usr/lib/python3/dist-packages/colcon_core/task/python/colcon_distutils_commands:/home/aperture/pilgrim/install/pilgrim_lidar_noise/lib/python3.8/site-packages:${PYTHONPATH} /usr/bin/python3 -W ignore:setup.py install is deprecated -W ignore:easy_install command is deprecated setup.py egg_info --egg-base ../../build/pilgrim_lidar_noise build --build-base /home/aperture/pilgrim/build/pilgrim_lidar_noise/build install --record /home/aperture/pilgrim/build/pilgrim_lidar_noise/install.log --install-scripts $base/lib/pilgrim_lidar_noise --single-version-externally-managed install_data --force
[2.548s] DEBUG:colcon.colcon_core.event_handler.log_command:Invoked command in '/home/aperture/pilgrim/src/pilgrim_lidar_noise' returned '0': PYTHONPATH=/home/aperture/pilgrim/build/pilgrim_lidar_noise/prefix_override:/usr/lib/python3/dist-packages/colcon_core/task/python/colcon_distutils_commands:/home/aperture/pilgrim/install/pilgrim_lidar_noise/lib/python3.8/site-packages:${PYTHONPATH} /usr/bin/python3 -W ignore:setup.py install is deprecated -W ignore:easy_install command is deprecated setup.py egg_info --egg-base ../../build/pilgrim_lidar_noise build --build-base /home/aperture/pilgrim/build/pilgrim_lidar_noise/build install --record /home/aperture/pilgrim/build/pilgrim_lidar_noise/install.log --install-scripts $base/lib/pilgrim_lidar_noise --single-version-externally-managed install_data --force
[2.551s] Level 1:colcon.colcon_core.environment:checking '/home/aperture/pilgrim/install/pilgrim_lidar_noise' for CMake module files
[2.552s] Level 1:colcon.colcon_core.environment:checking '/home/aperture/pilgrim/install/pilgrim_lidar_noise' for CMake config files
[2.554s] Level 1:colcon.colcon_core.environment:checking '/home/aperture/pilgrim/install/pilgrim_lidar_noise/lib'
[2.554s] Level 1:colcon.colcon_core.environment:checking '/home/aperture/pilgrim/install/pilgrim_lidar_noise/bin'
[2.554s] Level 1:colcon.colcon_core.environment:checking '/home/aperture/pilgrim/install/pilgrim_lidar_noise/lib/pkgconfig/pilgrim_lidar_noise.pc'
[2.554s] Level 1:colcon.colcon_core.environment:checking '/home/aperture/pilgrim/install/pilgrim_lidar_noise/lib/python3.8/site-packages'
[2.554s] Level 1:colcon.colcon_core.shell:create_environment_hook('pilgrim_lidar_noise', 'pythonpath')
[2.555s] INFO:colcon.colcon_core.shell:Creating environment hook '/home/aperture/pilgrim/install/pilgrim_lidar_noise/share/pilgrim_lidar_noise/hook/pythonpath.ps1'
[2.556s] INFO:colcon.colcon_core.shell:Creating environment descriptor '/home/aperture/pilgrim/install/pilgrim_lidar_noise/share/pilgrim_lidar_noise/hook/pythonpath.dsv'
[2.556s] INFO:colcon.colcon_core.shell:Creating environment hook '/home/aperture/pilgrim/install/pilgrim_lidar_noise/share/pilgrim_lidar_noise/hook/pythonpath.sh'
[2.557s] Level 1:colcon.colcon_core.environment:checking '/home/aperture/pilgrim/install/pilgrim_lidar_noise/bin'
[2.557s] Level 1:colcon.colcon_core.environment:create_environment_scripts_only(pilgrim_lidar_noise)
[2.557s] INFO:colcon.colcon_core.shell:Creating package script '/home/aperture/pilgrim/install/pilgrim_lidar_noise/share/pilgrim_lidar_noise/package.ps1'
[2.558s] INFO:colcon.colcon_core.shell:Creating package descriptor '/home/aperture/pilgrim/install/pilgrim_lidar_noise/share/pilgrim_lidar_noise/package.dsv'
[2.559s] INFO:colcon.colcon_core.shell:Creating package script '/home/aperture/pilgrim/install/pilgrim_lidar_noise/share/pilgrim_lidar_noise/package.sh'
[2.560s] INFO:colcon.colcon_core.shell:Creating package script '/home/aperture/pilgrim/install/pilgrim_lidar_noise/share/pilgrim_lidar_noise/package.bash'
[2.561s] INFO:colcon.colcon_core.shell:Creating package script '/home/aperture/pilgrim/install/pilgrim_lidar_noise/share/pilgrim_lidar_noise/package.zsh'
[2.562s] Level 1:colcon.colcon_core.environment:create_file_with_runtime_dependencies(/home/aperture/pilgrim/install/pilgrim_lidar_noise/share/colcon-core/packages/pilgrim_lidar_noise)
[2.563s] DEBUG:colcon.colcon_parallel_executor.executor.parallel:closing loop
[2.564s] DEBUG:colcon.colcon_parallel_executor.executor.parallel:loop closed
[2.564s] DEBUG:colcon.colcon_parallel_executor.executor.parallel:run_until_complete finished with '0'
[2.564s] DEBUG:colcon.colcon_core.event_reactor:joining thread
[2.613s] INFO:colcon.colcon_core.plugin_system:Skipping extension 'colcon_notification.desktop_notification.notify_send': Could not find 'notify-send'
[2.613s] INFO:colcon.colcon_core.plugin_system:Skipping extension 'colcon_notification.desktop_notification.terminal_notifier': Not used on non-Darwin systems
[2.613s] INFO:colcon.colcon_core.plugin_system:Skipping extension 'colcon_notification.desktop_notification.win32': Not used on non-Windows systems
[2.613s] INFO:colcon.colcon_notification.desktop_notification:Sending desktop notification using 'notify2'
[2.615s] DEBUG:colcon.colcon_notification.desktop_notification.notify2:Failed to initialize notify2: org.freedesktop.DBus.Error.ServiceUnknown: The name org.freedesktop.Notifications was not provided by any .service files
[2.615s] DEBUG:colcon.colcon_core.event_reactor:joined thread
[2.615s] INFO:colcon.colcon_core.shell:Creating prefix script '/home/aperture/pilgrim/install/local_setup.ps1'
[2.616s] INFO:colcon.colcon_core.shell:Creating prefix util module '/home/aperture/pilgrim/install/_local_setup_util_ps1.py'
[2.618s] INFO:colcon.colcon_core.shell:Creating prefix chain script '/home/aperture/pilgrim/install/setup.ps1'
[2.620s] INFO:colcon.colcon_core.shell:Creating prefix script '/home/aperture/pilgrim/install/local_setup.sh'
[2.621s] INFO:colcon.colcon_core.shell:Creating prefix util module '/home/aperture/pilgrim/install/_local_setup_util_sh.py'
[2.622s] INFO:colcon.colcon_core.shell:Creating prefix chain script '/home/aperture/pilgrim/install/setup.sh'
[2.623s] INFO:colcon.colcon_core.shell:Creating prefix script '/home/aperture/pilgrim/install/local_setup.bash'
[2.623s] INFO:colcon.colcon_core.shell:Creating prefix chain script '/home/aperture/pilgrim/install/setup.bash'
[2.624s] INFO:colcon.colcon_core.shell:Creating prefix script '/home/aperture/pilgrim/install/local_setup.zsh'
[2.625s] INFO:colcon.colcon_core.shell:Creating prefix chain script '/home/aperture/pilgrim/install/setup.zsh'
