/home/aperture/pilgrim/install/pilgrim_lidar_noise/lib/python3.8/site-packages/pilgrim_lidar_noise/storm_lidar_node.py
/home/aperture/pilgrim/install/pilgrim_lidar_noise/lib/python3.8/site-packages/pilgrim_lidar_noise/lidar_env_comp.py
/home/aperture/pilgrim/install/pilgrim_lidar_noise/lib/python3.8/site-packages/pilgrim_lidar_noise/__init__.py
/home/aperture/pilgrim/install/pilgrim_lidar_noise/lib/python3.8/site-packages/pilgrim_lidar_noise/__pycache__/storm_lidar_node.cpython-38.pyc
/home/aperture/pilgrim/install/pilgrim_lidar_noise/lib/python3.8/site-packages/pilgrim_lidar_noise/__pycache__/lidar_env_comp.cpython-38.pyc
/home/aperture/pilgrim/install/pilgrim_lidar_noise/lib/python3.8/site-packages/pilgrim_lidar_noise/__pycache__/__init__.cpython-38.pyc
/home/aperture/pilgrim/install/pilgrim_lidar_noise/share/ament_index/resource_index/packages/pilgrim_lidar_noise
/home/aperture/pilgrim/install/pilgrim_lidar_noise/share/pilgrim_lidar_noise/package.xml
/home/aperture/pilgrim/install/pilgrim_lidar_noise/share/pilgrim_lidar_noise/launch/demo.launch.py
/home/aperture/pilgrim/install/pilgrim_lidar_noise/share/pilgrim_lidar_noise/worlds/demo.world
/home/aperture/pilgrim/install/pilgrim_lidar_noise/share/pilgrim_lidar_noise/models/turtlebot3_burger/model.sdf
/home/aperture/pilgrim/install/pilgrim_lidar_noise/share/pilgrim_lidar_noise/models/turtlebot3_burger/model-1_4.sdf
/home/aperture/pilgrim/install/pilgrim_lidar_noise/share/pilgrim_lidar_noise/models/turtlebot3_burger/model.config
/home/aperture/pilgrim/install/pilgrim_lidar_noise/share/pilgrim_lidar_noise/models/turtlebot3_burger/meshes/burger_base.dae
/home/aperture/pilgrim/install/pilgrim_lidar_noise/share/pilgrim_lidar_noise/models/turtlebot3_burger/meshes/lds.dae
/home/aperture/pilgrim/install/pilgrim_lidar_noise/share/pilgrim_lidar_noise/models/turtlebot3_burger/meshes/tire.dae
/home/aperture/pilgrim/install/pilgrim_lidar_noise/lib/python3.8/site-packages/pilgrim_lidar_noise-0.1.0-py3.8.egg-info/top_level.txt
/home/aperture/pilgrim/install/pilgrim_lidar_noise/lib/python3.8/site-packages/pilgrim_lidar_noise-0.1.0-py3.8.egg-info/entry_points.txt
/home/aperture/pilgrim/install/pilgrim_lidar_noise/lib/python3.8/site-packages/pilgrim_lidar_noise-0.1.0-py3.8.egg-info/dependency_links.txt
/home/aperture/pilgrim/install/pilgrim_lidar_noise/lib/python3.8/site-packages/pilgrim_lidar_noise-0.1.0-py3.8.egg-info/SOURCES.txt
/home/aperture/pilgrim/install/pilgrim_lidar_noise/lib/python3.8/site-packages/pilgrim_lidar_noise-0.1.0-py3.8.egg-info/zip-safe
/home/aperture/pilgrim/install/pilgrim_lidar_noise/lib/python3.8/site-packages/pilgrim_lidar_noise-0.1.0-py3.8.egg-info/requires.txt
/home/aperture/pilgrim/install/pilgrim_lidar_noise/lib/python3.8/site-packages/pilgrim_lidar_noise-0.1.0-py3.8.egg-info/PKG-INFO
/home/aperture/pilgrim/install/pilgrim_lidar_noise/lib/pilgrim_lidar_noise/lidar_env_comp
/home/aperture/pilgrim/install/pilgrim_lidar_noise/lib/pilgrim_lidar_noise/storm_lidar_node
