[1.079s] Invoking command in '/home/aperture/pilgrim/src/pilgrim_lidar_noise': PYTHONPATH=/home/aperture/pilgrim/build/pilgrim_lidar_noise/prefix_override:/usr/lib/python3/dist-packages/colcon_core/task/python/colcon_distutils_commands:/home/aperture/pilgrim/install/pilgrim_lidar_noise/lib/python3.8/site-packages:${PYTHONPATH} /usr/bin/python3 -W ignore:setup.py install is deprecated -W ignore:easy_install command is deprecated setup.py egg_info --egg-base ../../build/pilgrim_lidar_noise build --build-base /home/aperture/pilgrim/build/pilgrim_lidar_noise/build install --record /home/aperture/pilgrim/build/pilgrim_lidar_noise/install.log --install-scripts $base/lib/pilgrim_lidar_noise --single-version-externally-managed install_data
[1.357s] running egg_info
[1.358s] writing ../../build/pilgrim_lidar_noise/pilgrim_lidar_noise.egg-info/PKG-INFO
[1.358s] writing dependency_links to ../../build/pilgrim_lidar_noise/pilgrim_lidar_noise.egg-info/dependency_links.txt
[1.359s] writing entry points to ../../build/pilgrim_lidar_noise/pilgrim_lidar_noise.egg-info/entry_points.txt
[1.359s] writing requirements to ../../build/pilgrim_lidar_noise/pilgrim_lidar_noise.egg-info/requires.txt
[1.377s] writing top-level names to ../../build/pilgrim_lidar_noise/pilgrim_lidar_noise.egg-info/top_level.txt
[1.424s] reading manifest file '../../build/pilgrim_lidar_noise/pilgrim_lidar_noise.egg-info/SOURCES.txt'
[1.426s] writing manifest file '../../build/pilgrim_lidar_noise/pilgrim_lidar_noise.egg-info/SOURCES.txt'
[1.426s] running build
[1.426s] running build_py
[1.427s] running install
[1.428s] running install_lib
[1.431s] running install_data
[1.431s] copying package.xml -> /home/aperture/pilgrim/install/pilgrim_lidar_noise/share/pilgrim_lidar_noise
[1.431s] creating /home/aperture/pilgrim/install/pilgrim_lidar_noise/share/pilgrim_lidar_noise/launch
[1.433s] copying launch/demo.launch.py -> /home/aperture/pilgrim/install/pilgrim_lidar_noise/share/pilgrim_lidar_noise/launch
[1.433s] creating /home/aperture/pilgrim/install/pilgrim_lidar_noise/share/pilgrim_lidar_noise/worlds
[1.434s] copying worlds/demo.world -> /home/aperture/pilgrim/install/pilgrim_lidar_noise/share/pilgrim_lidar_noise/worlds
[1.435s] creating /home/aperture/pilgrim/install/pilgrim_lidar_noise/share/pilgrim_lidar_noise/models
[1.436s] creating /home/aperture/pilgrim/install/pilgrim_lidar_noise/share/pilgrim_lidar_noise/models/turtlebot3_burger
[1.436s] copying models/turtlebot3_burger/model.sdf -> /home/aperture/pilgrim/install/pilgrim_lidar_noise/share/pilgrim_lidar_noise/models/turtlebot3_burger
[1.437s] copying models/turtlebot3_burger/model-1_4.sdf -> /home/aperture/pilgrim/install/pilgrim_lidar_noise/share/pilgrim_lidar_noise/models/turtlebot3_burger
[1.438s] copying models/turtlebot3_burger/model.config -> /home/aperture/pilgrim/install/pilgrim_lidar_noise/share/pilgrim_lidar_noise/models/turtlebot3_burger
[1.439s] copying models/turtlebot3_burger/meshes/burger_base.dae -> /home/aperture/pilgrim/install/pilgrim_lidar_noise/share/pilgrim_lidar_noise/models/turtlebot3_burger
[1.440s] copying models/turtlebot3_burger/meshes/lds.dae -> /home/aperture/pilgrim/install/pilgrim_lidar_noise/share/pilgrim_lidar_noise/models/turtlebot3_burger
[1.440s] copying models/turtlebot3_burger/meshes/tire.dae -> /home/aperture/pilgrim/install/pilgrim_lidar_noise/share/pilgrim_lidar_noise/models/turtlebot3_burger
[1.441s] running install_egg_info
[1.443s] removing '/home/aperture/pilgrim/install/pilgrim_lidar_noise/lib/python3.8/site-packages/pilgrim_lidar_noise-0.0.0-py3.8.egg-info' (and everything under it)
[1.444s] Copying ../../build/pilgrim_lidar_noise/pilgrim_lidar_noise.egg-info to /home/aperture/pilgrim/install/pilgrim_lidar_noise/lib/python3.8/site-packages/pilgrim_lidar_noise-0.0.0-py3.8.egg-info
[1.447s] running install_scripts
[1.471s] Installing storm_lidar_node script to /home/aperture/pilgrim/install/pilgrim_lidar_noise/lib/pilgrim_lidar_noise
[1.471s] writing list of installed files to '/home/aperture/pilgrim/build/pilgrim_lidar_noise/install.log'
[1.503s] Invoked command in '/home/aperture/pilgrim/src/pilgrim_lidar_noise' returned '0': PYTHONPATH=/home/aperture/pilgrim/build/pilgrim_lidar_noise/prefix_override:/usr/lib/python3/dist-packages/colcon_core/task/python/colcon_distutils_commands:/home/aperture/pilgrim/install/pilgrim_lidar_noise/lib/python3.8/site-packages:${PYTHONPATH} /usr/bin/python3 -W ignore:setup.py install is deprecated -W ignore:easy_install command is deprecated setup.py egg_info --egg-base ../../build/pilgrim_lidar_noise build --build-base /home/aperture/pilgrim/build/pilgrim_lidar_noise/build install --record /home/aperture/pilgrim/build/pilgrim_lidar_noise/install.log --install-scripts $base/lib/pilgrim_lidar_noise --single-version-externally-managed install_data
