[0.494s] Invoking command in '/home/aperture/pilgrim/src/pilgrim_lidar_noise': PYTHONPATH=/home/aperture/pilgrim/build/pilgrim_lidar_noise/prefix_override:/usr/lib/python3/dist-packages/colcon_core/task/python/colcon_distutils_commands:/home/aperture/pilgrim/install/pilgrim_lidar_noise/lib/python3.8/site-packages:${PYTHONPATH} /usr/bin/python3 -W ignore:setup.py install is deprecated -W ignore:easy_install command is deprecated setup.py egg_info --egg-base ../../build/pilgrim_lidar_noise build --build-base /home/aperture/pilgrim/build/pilgrim_lidar_noise/build install --record /home/aperture/pilgrim/build/pilgrim_lidar_noise/install.log --install-scripts $base/lib/pilgrim_lidar_noise --single-version-externally-managed install_data
[0.637s] running egg_info
[0.637s] creating ../../build/pilgrim_lidar_noise/pilgrim_lidar_noise.egg-info
[0.638s] writing ../../build/pilgrim_lidar_noise/pilgrim_lidar_noise.egg-info/PKG-INFO
[0.638s] writing dependency_links to ../../build/pilgrim_lidar_noise/pilgrim_lidar_noise.egg-info/dependency_links.txt
[0.638s] writing entry points to ../../build/pilgrim_lidar_noise/pilgrim_lidar_noise.egg-info/entry_points.txt
[0.638s] writing requirements to ../../build/pilgrim_lidar_noise/pilgrim_lidar_noise.egg-info/requires.txt
[0.638s] writing top-level names to ../../build/pilgrim_lidar_noise/pilgrim_lidar_noise.egg-info/top_level.txt
[0.639s] writing manifest file '../../build/pilgrim_lidar_noise/pilgrim_lidar_noise.egg-info/SOURCES.txt'
[0.660s] reading manifest file '../../build/pilgrim_lidar_noise/pilgrim_lidar_noise.egg-info/SOURCES.txt'
[0.661s] writing manifest file '../../build/pilgrim_lidar_noise/pilgrim_lidar_noise.egg-info/SOURCES.txt'
[0.661s] running build
[0.661s] running build_py
[0.661s] creating /home/aperture/pilgrim/build/pilgrim_lidar_noise/build
[0.662s] creating /home/aperture/pilgrim/build/pilgrim_lidar_noise/build/lib
[0.662s] creating /home/aperture/pilgrim/build/pilgrim_lidar_noise/build/lib/pilgrim_lidar_noise
[0.663s] copying pilgrim_lidar_noise/storm_lidar_node.py -> /home/aperture/pilgrim/build/pilgrim_lidar_noise/build/lib/pilgrim_lidar_noise
[0.663s] copying pilgrim_lidar_noise/__init__.py -> /home/aperture/pilgrim/build/pilgrim_lidar_noise/build/lib/pilgrim_lidar_noise
[0.663s] running install
[0.663s] running install_lib
[0.664s] creating /home/aperture/pilgrim/install/pilgrim_lidar_noise/lib/python3.8/site-packages/pilgrim_lidar_noise
[0.665s] copying /home/aperture/pilgrim/build/pilgrim_lidar_noise/build/lib/pilgrim_lidar_noise/storm_lidar_node.py -> /home/aperture/pilgrim/install/pilgrim_lidar_noise/lib/python3.8/site-packages/pilgrim_lidar_noise
[0.665s] copying /home/aperture/pilgrim/build/pilgrim_lidar_noise/build/lib/pilgrim_lidar_noise/__init__.py -> /home/aperture/pilgrim/install/pilgrim_lidar_noise/lib/python3.8/site-packages/pilgrim_lidar_noise
[0.665s] byte-compiling /home/aperture/pilgrim/install/pilgrim_lidar_noise/lib/python3.8/site-packages/pilgrim_lidar_noise/storm_lidar_node.py to storm_lidar_node.cpython-38.pyc
[0.667s] byte-compiling /home/aperture/pilgrim/install/pilgrim_lidar_noise/lib/python3.8/site-packages/pilgrim_lidar_noise/__init__.py to __init__.cpython-38.pyc
[0.667s] running install_data
[0.667s] creating /home/aperture/pilgrim/install/pilgrim_lidar_noise/share/ament_index
[0.667s] creating /home/aperture/pilgrim/install/pilgrim_lidar_noise/share/ament_index/resource_index
[0.668s] creating /home/aperture/pilgrim/install/pilgrim_lidar_noise/share/ament_index/resource_index/packages
[0.668s] copying resource/pilgrim_lidar_noise -> /home/aperture/pilgrim/install/pilgrim_lidar_noise/share/ament_index/resource_index/packages
[0.680s] copying package.xml -> /home/aperture/pilgrim/install/pilgrim_lidar_noise/share/pilgrim_lidar_noise
[0.681s] running install_egg_info
[0.683s] Copying ../../build/pilgrim_lidar_noise/pilgrim_lidar_noise.egg-info to /home/aperture/pilgrim/install/pilgrim_lidar_noise/lib/python3.8/site-packages/pilgrim_lidar_noise-0.0.0-py3.8.egg-info
[0.684s] running install_scripts
[0.697s] Installing storm_lidar_node script to /home/aperture/pilgrim/install/pilgrim_lidar_noise/lib/pilgrim_lidar_noise
[0.697s] writing list of installed files to '/home/aperture/pilgrim/build/pilgrim_lidar_noise/install.log'
[0.719s] Invoked command in '/home/aperture/pilgrim/src/pilgrim_lidar_noise' returned '0': PYTHONPATH=/home/aperture/pilgrim/build/pilgrim_lidar_noise/prefix_override:/usr/lib/python3/dist-packages/colcon_core/task/python/colcon_distutils_commands:/home/aperture/pilgrim/install/pilgrim_lidar_noise/lib/python3.8/site-packages:${PYTHONPATH} /usr/bin/python3 -W ignore:setup.py install is deprecated -W ignore:easy_install command is deprecated setup.py egg_info --egg-base ../../build/pilgrim_lidar_noise build --build-base /home/aperture/pilgrim/build/pilgrim_lidar_noise/build install --record /home/aperture/pilgrim/build/pilgrim_lidar_noise/install.log --install-scripts $base/lib/pilgrim_lidar_noise --single-version-externally-managed install_data
