running egg_info
writing ../../build/pilgrim_lidar_noise/pilgrim_lidar_noise.egg-info/PKG-INFO
writing dependency_links to ../../build/pilgrim_lidar_noise/pilgrim_lidar_noise.egg-info/dependency_links.txt
writing entry points to ../../build/pilgrim_lidar_noise/pilgrim_lidar_noise.egg-info/entry_points.txt
writing requirements to ../../build/pilgrim_lidar_noise/pilgrim_lidar_noise.egg-info/requires.txt
writing top-level names to ../../build/pilgrim_lidar_noise/pilgrim_lidar_noise.egg-info/top_level.txt
reading manifest file '../../build/pilgrim_lidar_noise/pilgrim_lidar_noise.egg-info/SOURCES.txt'
writing manifest file '../../build/pilgrim_lidar_noise/pilgrim_lidar_noise.egg-info/SOURCES.txt'
running build
running build_py
copying pilgrim_lidar_noise/lidar_env_comp.py -> /home/aperture/pilgrim/build/pilgrim_lidar_noise/build/lib/pilgrim_lidar_noise
running install
running install_lib
copying /home/aperture/pilgrim/build/pilgrim_lidar_noise/build/lib/pilgrim_lidar_noise/lidar_env_comp.py -> /home/aperture/pilgrim/install/pilgrim_lidar_noise/lib/python3.8/site-packages/pilgrim_lidar_noise
byte-compiling /home/aperture/pilgrim/install/pilgrim_lidar_noise/lib/python3.8/site-packages/pilgrim_lidar_noise/lidar_env_comp.py to lidar_env_comp.cpython-38.pyc
running install_data
running install_egg_info
removing '/home/aperture/pilgrim/install/pilgrim_lidar_noise/lib/python3.8/site-packages/pilgrim_lidar_noise-0.0.0-py3.8.egg-info' (and everything under it)
Copying ../../build/pilgrim_lidar_noise/pilgrim_lidar_noise.egg-info to /home/aperture/pilgrim/install/pilgrim_lidar_noise/lib/python3.8/site-packages/pilgrim_lidar_noise-0.0.0-py3.8.egg-info
running install_scripts
Installing lidar_env_comp script to /home/aperture/pilgrim/install/pilgrim_lidar_noise/lib/pilgrim_lidar_noise
Installing storm_lidar_node script to /home/aperture/pilgrim/install/pilgrim_lidar_noise/lib/pilgrim_lidar_noise
writing list of installed files to '/home/aperture/pilgrim/build/pilgrim_lidar_noise/install.log'
