[0.708s] Invoking command in '/home/aperture/pilgrim/src/pilgrim_lidar_noise': PYTHONPATH=/home/aperture/pilgrim/build/pilgrim_lidar_noise/prefix_override:/usr/lib/python3/dist-packages/colcon_core/task/python/colcon_distutils_commands:/home/aperture/pilgrim/install/pilgrim_lidar_noise/lib/python3.8/site-packages:${PYTHONPATH} /usr/bin/python3 -W ignore:setup.py install is deprecated -W ignore:easy_install command is deprecated setup.py egg_info --egg-base ../../build/pilgrim_lidar_noise build --build-base /home/aperture/pilgrim/build/pilgrim_lidar_noise/build install --record /home/aperture/pilgrim/build/pilgrim_lidar_noise/install.log --install-scripts $base/lib/pilgrim_lidar_noise --single-version-externally-managed install_data
[0.914s] running egg_info
[0.914s] writing ../../build/pilgrim_lidar_noise/pilgrim_lidar_noise.egg-info/PKG-INFO
[0.915s] writing dependency_links to ../../build/pilgrim_lidar_noise/pilgrim_lidar_noise.egg-info/dependency_links.txt
[0.915s] writing entry points to ../../build/pilgrim_lidar_noise/pilgrim_lidar_noise.egg-info/entry_points.txt
[0.915s] writing requirements to ../../build/pilgrim_lidar_noise/pilgrim_lidar_noise.egg-info/requires.txt
[0.916s] writing top-level names to ../../build/pilgrim_lidar_noise/pilgrim_lidar_noise.egg-info/top_level.txt
[0.945s] reading manifest file '../../build/pilgrim_lidar_noise/pilgrim_lidar_noise.egg-info/SOURCES.txt'
[0.946s] writing manifest file '../../build/pilgrim_lidar_noise/pilgrim_lidar_noise.egg-info/SOURCES.txt'
[0.946s] running build
[0.946s] running build_py
[0.946s] copying pilgrim_lidar_noise/lidar_env_comp.py -> /home/aperture/pilgrim/build/pilgrim_lidar_noise/build/lib/pilgrim_lidar_noise
[0.946s] running install
[0.947s] running install_lib
[0.948s] copying /home/aperture/pilgrim/build/pilgrim_lidar_noise/build/lib/pilgrim_lidar_noise/lidar_env_comp.py -> /home/aperture/pilgrim/install/pilgrim_lidar_noise/lib/python3.8/site-packages/pilgrim_lidar_noise
[0.948s] byte-compiling /home/aperture/pilgrim/install/pilgrim_lidar_noise/lib/python3.8/site-packages/pilgrim_lidar_noise/lidar_env_comp.py to lidar_env_comp.cpython-38.pyc
[0.951s] running install_data
[0.951s] running install_egg_info
[0.954s] removing '/home/aperture/pilgrim/install/pilgrim_lidar_noise/lib/python3.8/site-packages/pilgrim_lidar_noise-0.0.0-py3.8.egg-info' (and everything under it)
[0.954s] Copying ../../build/pilgrim_lidar_noise/pilgrim_lidar_noise.egg-info to /home/aperture/pilgrim/install/pilgrim_lidar_noise/lib/python3.8/site-packages/pilgrim_lidar_noise-0.0.0-py3.8.egg-info
[0.956s] running install_scripts
[0.975s] Installing lidar_env_comp script to /home/aperture/pilgrim/install/pilgrim_lidar_noise/lib/pilgrim_lidar_noise
[0.975s] Installing storm_lidar_node script to /home/aperture/pilgrim/install/pilgrim_lidar_noise/lib/pilgrim_lidar_noise
[0.976s] writing list of installed files to '/home/aperture/pilgrim/build/pilgrim_lidar_noise/install.log'
[1.005s] Invoked command in '/home/aperture/pilgrim/src/pilgrim_lidar_noise' returned '0': PYTHONPATH=/home/aperture/pilgrim/build/pilgrim_lidar_noise/prefix_override:/usr/lib/python3/dist-packages/colcon_core/task/python/colcon_distutils_commands:/home/aperture/pilgrim/install/pilgrim_lidar_noise/lib/python3.8/site-packages:${PYTHONPATH} /usr/bin/python3 -W ignore:setup.py install is deprecated -W ignore:easy_install command is deprecated setup.py egg_info --egg-base ../../build/pilgrim_lidar_noise build --build-base /home/aperture/pilgrim/build/pilgrim_lidar_noise/build install --record /home/aperture/pilgrim/build/pilgrim_lidar_noise/install.log --install-scripts $base/lib/pilgrim_lidar_noise --single-version-externally-managed install_data
