[0.880s] Invoking command in '/home/aperture/pilgrim/build/pilgrim_lidar_noise': PYTHONPATH=/home/aperture/pilgrim/build/pilgrim_lidar_noise/prefix_override:/usr/lib/python3/dist-packages/colcon_core/task/python/colcon_distutils_commands:/home/aperture/pilgrim/install/pilgrim_lidar_noise/lib/python3.8/site-packages:${PYTHONPATH} /usr/bin/python3 -W ignore:setup.py install is deprecated -W ignore:easy_install command is deprecated setup.py develop --editable --build-directory /home/aperture/pilgrim/build/pilgrim_lidar_noise/build --no-deps symlink_data --force
[1.162s] running develop
[1.310s] running egg_info
[1.311s] writing pilgrim_lidar_noise.egg-info/PKG-INFO
[1.311s] writing dependency_links to pilgrim_lidar_noise.egg-info/dependency_links.txt
[1.311s] writing entry points to pilgrim_lidar_noise.egg-info/entry_points.txt
[1.311s] writing requirements to pilgrim_lidar_noise.egg-info/requires.txt
[1.312s] writing top-level names to pilgrim_lidar_noise.egg-info/top_level.txt
[1.348s] reading manifest file 'pilgrim_lidar_noise.egg-info/SOURCES.txt'
[1.349s] writing manifest file 'pilgrim_lidar_noise.egg-info/SOURCES.txt'
[1.392s] running build_ext
[1.394s] Creating /home/aperture/pilgrim/install/pilgrim_lidar_noise/lib/python3.8/site-packages/site.py
[1.398s] Creating /home/aperture/pilgrim/install/pilgrim_lidar_noise/lib/python3.8/site-packages/pilgrim-lidar-noise.egg-link (link to .)
[1.399s] Installing storm_lidar_node script to /home/aperture/pilgrim/install/pilgrim_lidar_noise/lib/pilgrim_lidar_noise
[1.399s] 
[1.399s] Installed /home/aperture/pilgrim/build/pilgrim_lidar_noise
[1.399s] running symlink_data
[1.400s] symbolically linking /home/aperture/pilgrim/build/pilgrim_lidar_noise/resource/pilgrim_lidar_noise -> /home/aperture/pilgrim/install/pilgrim_lidar_noise/share/ament_index/resource_index/packages
[1.401s] symbolically linking /home/aperture/pilgrim/build/pilgrim_lidar_noise/package.xml -> /home/aperture/pilgrim/install/pilgrim_lidar_noise/share/pilgrim_lidar_noise
[1.401s] symbolically linking /home/aperture/pilgrim/build/pilgrim_lidar_noise/launch/demo.launch.py -> /home/aperture/pilgrim/install/pilgrim_lidar_noise/share/pilgrim_lidar_noise/launch
[1.402s] symbolically linking /home/aperture/pilgrim/build/pilgrim_lidar_noise/worlds/demo.world -> /home/aperture/pilgrim/install/pilgrim_lidar_noise/share/pilgrim_lidar_noise/worlds
[1.438s] Invoked command in '/home/aperture/pilgrim/build/pilgrim_lidar_noise' returned '0': PYTHONPATH=/home/aperture/pilgrim/build/pilgrim_lidar_noise/prefix_override:/usr/lib/python3/dist-packages/colcon_core/task/python/colcon_distutils_commands:/home/aperture/pilgrim/install/pilgrim_lidar_noise/lib/python3.8/site-packages:${PYTHONPATH} /usr/bin/python3 -W ignore:setup.py install is deprecated -W ignore:easy_install command is deprecated setup.py develop --editable --build-directory /home/aperture/pilgrim/build/pilgrim_lidar_noise/build --no-deps symlink_data --force
